<?xml version="1.0" encoding="UTF-8"?>
<!-- Generated by org.testng.reporters.JUnitReportReporter -->
<testsuite hostname="ISSLSupport" failures="0" tests="2" name="Seleniumtrainingpackage.loginwithBeforeTest" time="6.832" errors="0" timestamp="2023-05-05T21:33:56 WAT" skipped="0">
  <testcase classname="Seleniumtrainingpackage.loginwithBeforeTest" name="invalidLogin" time="3.423"/>
  <system-out/>
  <testcase classname="Seleniumtrainingpackage.loginwithBeforeTest" name="validLogin" time="3.409"/>
  <system-out/>
</testsuite> <!-- Seleniumtrainingpackage.loginwithBeforeTest -->
