<?xml version="1.0" encoding="UTF-8"?>
<!-- Generated by org.testng.reporters.JUnitReportReporter -->
<testsuite hostname="ISSLSupport" failures="0" tests="2" name="Seleniumtrainingpackage.loginwithBeforeMethod" time="49.297" errors="0" timestamp="2023-05-05T21:48:28 WAT" skipped="0">
  <testcase classname="Seleniumtrainingpackage.loginwithBeforeMethod" name="invalidLogin" time="20.465"/>
  <system-out/>
  <testcase classname="Seleniumtrainingpackage.loginwithBeforeMethod" name="validLogin" time="28.832"/>
  <system-out/>
</testsuite> <!-- Seleniumtrainingpackage.loginwithBeforeMethod -->
